c:\trinity\trinity3d\x64\debug\trinity3d.pdb
c:\trinity\trinity3d\x64\debug\trinity3d.idb
c:\trinity\trinity3d\x64\debug\pbtriangles.obj
c:\trinity\trinity3d\x64\debug\pbterrain.obj
c:\trinity\trinity3d\x64\debug\pbsphere.obj
c:\trinity\trinity3d\x64\debug\pbconvex.obj
c:\trinity\trinity3d\x64\debug\pbcapsule.obj
c:\trinity\trinity3d\x64\debug\pbbox.obj
c:\trinity\trinity3d\x64\debug\nodelight.obj
c:\trinity\trinity3d\x64\debug\nodeentity.obj
c:\trinity\trinity3d\x64\debug\nodecamera.obj
c:\trinity\trinity3d\x64\debug\node3d.obj
c:\trinity\trinity3d\x64\debug\meshrenderer.obj
c:\trinity\trinity3d\x64\debug\meshlines.obj
c:\trinity\trinity3d\x64\debug\mesh3d.obj
c:\trinity\trinity3d\x64\debug\material.obj
c:\trinity\trinity3d\x64\debug\kfont.obj
c:\trinity\trinity3d\x64\debug\importer.obj
c:\trinity\trinity3d\x64\debug\gameui.obj
c:\trinity\trinity3d\x64\debug\dircollection.obj
c:\trinity\trinity3d\x64\debug\cuberenderer.obj
c:\trinity\trinity3d\x64\debug\audio.obj
c:\trinity\trinity3d\x64\debug\vstring.obj
c:\trinity\trinity3d\x64\debug\vfile.obj
c:\trinity\trinity3d\x64\debug\varwatch.obj
c:\trinity\trinity3d\x64\debug\trinityapp.obj
c:\trinity\trinity3d\x64\debug\texturecube.obj
c:\trinity\trinity3d\x64\debug\texture2d.obj
c:\trinity\trinity3d\x64\debug\smartdraw.obj
c:\trinity\trinity3d\x64\debug\scriptobject.obj
c:\trinity\trinity3d\x64\debug\scenegraph.obj
c:\trinity\trinity3d\x64\debug\sceneglobal.obj
c:\trinity\trinity3d\x64\debug\rendertargetcube.obj
c:\trinity\trinity3d\x64\debug\raypicker.obj
c:\trinity\trinity3d\x64\debug\physicsbody.obj
c:\trinity\trinity3d\x64\debug\physics.obj
c:\trinity\trinity3d\x64\debug\finalrender.obj
c:\trinity\trinity3d\x64\debug\nodeproperty.obj
c:\trinity\trinity3d\x64\debug\trinity3d.lib
c:\trinity\trinity3d\x64\debug\trinityide.ilk
c:\trinity\trinity3d\x64\debug\zenscript.idb
c:\trinity\trinity3d\x64\debug\chakracore.pdb
c:\trinity\trinity3d\x64\debug\trinityide.pdb
c:\trinity\trinity3d\x64\debug\zenscript.pdb
c:\trinity\trinity3d\x64\debug\trinity3d.tlog\cl.command.1.tlog
c:\trinity\trinity3d\x64\debug\trinity3d.tlog\cl.read.1.tlog
c:\trinity\trinity3d\x64\debug\trinity3d.tlog\cl.write.1.tlog
c:\trinity\trinity3d\x64\debug\trinity3d.tlog\lib-link.read.1.tlog
c:\trinity\trinity3d\x64\debug\trinity3d.tlog\lib-link.write.1.tlog
c:\trinity\trinity3d\x64\debug\trinity3d.tlog\lib.command.1.tlog
