  uic ContentBrowserWidget.ui
  uic DirectXHost.ui
  uic DockAreaWidget.ui
  uic ImportMediaForm.ui
  uic QSceneGraph.ui
  uic SceneGraphWidget.ui
  uic SceneViewport.ui
  uic ToolBarWidget.ui
  uic TrinityIDE.ui
  rcc Resource.qrc
  rcc TrinityIDE.qrc
  moc TrinityIDE.h
  moc QSceneGraph.h
  moc SceneGraphWidget.h
  moc SceneViewport.h
  moc ContentBrowserWidget.h
  moc ToolBarWidget.h
  moc DockArea.h
  moc ImportMediaForm.h
  moc QDirect3D12Widget.h
   RCC: Warning: No resources in 'C:\Trinity\TrinityIDE\Resource.qrc'.
   RCC: Warning: No resources in 'C:\Trinity\TrinityIDE\TrinityIDE.qrc'.
  ContentBrowserWidget.cpp
  DockArea.cpp
  ImportMediaForm.cpp
  QDirect3D12Widget.cpp
  QSceneGraph.cpp
  SceneGraphWidget.cpp
  SceneViewport.cpp
  ToolBarWidget.cpp
  TrinityGlobal.cpp
  TrinityIDE.cpp
  main.cpp
  qrc_Resource.cpp
  qrc_TrinityIDE.cpp
  moc_TrinityIDE.cpp
  moc_QSceneGraph.cpp
  moc_SceneGraphWidget.cpp
  moc_SceneViewport.cpp
  moc_ContentBrowserWidget.cpp
  moc_ToolBarWidget.cpp
  moc_DockArea.cpp
  moc_ImportMediaForm.cpp
  moc_QDirect3D12Widget.cpp
  TrinityIDE.vcxproj -> C:\Trinity\Trinity3D\x64\Debug\TrinityIDE.exe
