c:\trinity\trinityide\x64\debug\moc_scenegraphwidget.obj
c:\trinity\trinityide\x64\debug\moc_sceneviewport.obj
c:\trinity\trinityide\x64\debug\moc_dockarea.obj
c:\trinity\trinityide\x64\debug\moc_nodeeditorwidget.obj
c:\trinity\trinityide\x64\debug\qrc_resource.obj
c:\trinity\trinityide\x64\debug\moc_propeditor.obj
c:\trinity\trinityide\x64\debug\moc_toolbarwidget.obj
c:\trinity\trinityide\x64\debug\moc_trinityide.obj
c:\trinity\trinityide\x64\debug\qrc_trinityide.obj
c:\trinity\trinityide\x64\debug\moc_qdirect3d12widget.obj
c:\trinity\trinityide\x64\debug\moc_qscenegraph.obj
c:\trinity\trinityide\x64\debug\moc_contentbrowserwidget.obj
c:\trinity\trinityide\x64\debug\moc_consoleoutputwidget.obj
c:\trinity\trinityide\x64\debug\moc_importmediaform.obj
c:\trinity\trinityide\x64\debug\sceneviewport.obj
c:\trinity\trinityide\x64\debug\toolbarwidget.obj
c:\trinity\trinityide\x64\debug\trinityide.obj
c:\trinity\trinityide\x64\debug\scenegraphwidget.obj
c:\trinity\trinityide\x64\debug\nodeeditorwidget.obj
c:\trinity\trinityide\x64\debug\qscenegraph.obj
c:\trinity\trinityide\x64\debug\consoleoutputwidget.obj
c:\trinity\trinityide\x64\debug\main.obj
c:\trinity\trinityide\x64\debug\qdirect3d12widget.obj
c:\trinity\trinityide\x64\debug\propeditor.obj
c:\trinity\trinityide\x64\debug\contentbrowserwidget.obj
c:\trinity\trinityide\x64\debug\dockarea.obj
c:\trinity\trinityide\x64\debug\importmediaform.obj
c:\trinity\trinityide\x64\debug\trinityglobal.obj
c:\trinity\trinityide\x64\debug\vc143.pdb
c:\trinity\trinityide\x64\debug\moc\moc_trinityide.cpp
c:\trinity\trinityide\x64\debug\moc\moc_qscenegraph.cpp
c:\trinity\trinityide\x64\debug\moc\moc_scenegraphwidget.cpp
c:\trinity\trinityide\x64\debug\moc\moc_sceneviewport.cpp
c:\trinity\trinityide\x64\debug\moc\moc_contentbrowserwidget.cpp
c:\trinity\trinityide\x64\debug\moc\moc_consoleoutputwidget.cpp
c:\trinity\trinityide\x64\debug\moc\moc_toolbarwidget.cpp
c:\trinity\trinityide\x64\debug\moc\moc_dockarea.cpp
c:\trinity\trinityide\x64\debug\moc\moc_importmediaform.cpp
c:\trinity\trinityide\x64\debug\moc\moc_nodeeditorwidget.cpp
c:\trinity\trinityide\x64\debug\moc\moc_propeditor.cpp
c:\trinity\trinityide\x64\debug\moc\moc_qdirect3d12widget.cpp
c:\trinity\trinityide\x64\debug\trinityide.res
c:\trinity\trinityide\x64\debug\rcc\qrc_resource.cpp
c:\trinity\trinityide\x64\debug\rcc\qrc_trinityide.cpp
c:\trinity\trinityide\x64\debug\uic\ui_consoleoutputwidget.h
c:\trinity\trinityide\x64\debug\uic\ui_contentbrowserwidget.h
c:\trinity\trinityide\x64\debug\uic\ui_directxhost.h
c:\trinity\trinityide\x64\debug\uic\ui_dockareawidget.h
c:\trinity\trinityide\x64\debug\uic\ui_importmediaform.h
c:\trinity\trinityide\x64\debug\uic\ui_nodeeditorwidget.h
c:\trinity\trinityide\x64\debug\uic\ui_propeditor.h
c:\trinity\trinityide\x64\debug\uic\ui_qscenegraph.h
c:\trinity\trinityide\x64\debug\uic\ui_scenegraphwidget.h
c:\trinity\trinityide\x64\debug\uic\ui_sceneviewport.h
c:\trinity\trinityide\x64\debug\uic\ui_toolbarwidget.h
c:\trinity\trinityide\x64\debug\uic\ui_trinityide.h
c:\trinity\trinityide\x64\debug\trinityide.tlog\cl.1032.write.1.tlog
c:\trinity\trinityide\x64\debug\trinityide.tlog\cl.command.1.tlog
c:\trinity\trinityide\x64\debug\trinityide.tlog\cl.read.1.tlog
c:\trinity\trinityide\x64\debug\trinityide.tlog\link-cvtres.read.1.tlog
c:\trinity\trinityide\x64\debug\trinityide.tlog\link-cvtres.write.1.tlog
c:\trinity\trinityide\x64\debug\trinityide.tlog\link-rc.read.1.tlog
c:\trinity\trinityide\x64\debug\trinityide.tlog\link-rc.write.1.tlog
c:\trinity\trinityide\x64\debug\trinityide.tlog\link.command.1.tlog
c:\trinity\trinityide\x64\debug\trinityide.tlog\link.read.1.tlog
c:\trinity\trinityide\x64\debug\trinityide.tlog\link.read.2.tlog
c:\trinity\trinityide\x64\debug\trinityide.tlog\link.write.1.tlog
c:\trinity\trinityide\x64\debug\trinityide.tlog\moc.read.1u.tlog
c:\trinity\trinityide\x64\debug\trinityide.tlog\moc.write.1u.tlog
c:\trinity\trinityide\x64\debug\trinityide.tlog\rc.command.1.tlog
c:\trinity\trinityide\x64\debug\trinityide.tlog\rc.read.1.tlog
c:\trinity\trinityide\x64\debug\trinityide.tlog\rc.write.1.tlog
c:\trinity\trinityide\x64\debug\trinityide.tlog\rcc.read.1u.tlog
c:\trinity\trinityide\x64\debug\trinityide.tlog\rcc.write.1u.tlog
c:\trinity\trinityide\x64\debug\trinityide.tlog\trinityide.write.1u.tlog
c:\trinity\trinityide\x64\debug\trinityide.tlog\uic.read.1u.tlog
c:\trinity\trinityide\x64\debug\trinityide.tlog\uic.write.1u.tlog
