c:\trinity\isscripteditor\x64\debug\qrc_isscripteditor.obj
c:\trinity\isscripteditor\x64\debug\moc_isscripteditor.obj
c:\trinity\isscripteditor\x64\debug\main.obj
c:\trinity\isscripteditor\x64\debug\isscripteditor.obj
c:\trinity\isscripteditor\x64\debug\moc_dockarea.obj
c:\trinity\isscripteditor\x64\debug\moc_iscodepage.obj
c:\trinity\isscripteditor\x64\debug\vc143.pdb
c:\trinity\isscripteditor\x64\debug\dockarea.obj
c:\trinity\isscripteditor\x64\debug\iscodepage.obj
c:\trinity\isscripteditor\x64\debug\consoleoutputwidget.obj
c:\trinity\isscripteditor\x64\debug\moc_consoleoutputwidget.obj
c:\trinity\isscripteditor\x64\debug\codecomplete.obj
c:\trinity\isscripteditor\x64\debug\moc_codecomplete.obj
c:\trinity\isscripteditor\x64\debug\uic\ui_isscripteditor.h
c:\trinity\isscripteditor\x64\debug\rcc\qrc_isscripteditor.cpp
c:\trinity\isscripteditor\x64\debug\moc\moc_isscripteditor.cpp
c:\trinity\isscripteditor\x64\debug\uic\ui_dockarea.h
c:\trinity\isscripteditor\x64\debug\moc\moc_dockarea.cpp
c:\trinity\isscripteditor\x64\debug\uic\ui_iscodepage.h
c:\trinity\isscripteditor\x64\debug\moc\moc_iscodepage.cpp
c:\trinity\isscripteditor\x64\debug\uic\ui_consoleoutputwidget.h
c:\trinity\isscripteditor\x64\debug\moc\moc_consoleoutputwidget.cpp
c:\trinity\isscripteditor\x64\debug\uic\ui_codecomplete.h
c:\trinity\isscripteditor\x64\debug\moc\moc_codecomplete.cpp
c:\trinity\trinity3d\x64\debug\isscripteditor.exe
c:\trinity\trinity3d\x64\debug\isscripteditor.ilk
c:\trinity\trinity3d\x64\debug\isscripteditor.pdb
c:\trinity\isscripteditor\x64\debug\isscripteditor.tlog\cl.command.1.tlog
c:\trinity\isscripteditor\x64\debug\isscripteditor.tlog\cl.read.1.tlog
c:\trinity\isscripteditor\x64\debug\isscripteditor.tlog\cl.write.1.tlog
c:\trinity\isscripteditor\x64\debug\isscripteditor.tlog\isscripteditor.write.1u.tlog
c:\trinity\isscripteditor\x64\debug\isscripteditor.tlog\link.command.1.tlog
c:\trinity\isscripteditor\x64\debug\isscripteditor.tlog\link.read.1.tlog
c:\trinity\isscripteditor\x64\debug\isscripteditor.tlog\link.write.1.tlog
c:\trinity\isscripteditor\x64\debug\isscripteditor.tlog\moc.read.1u.tlog
c:\trinity\isscripteditor\x64\debug\isscripteditor.tlog\moc.write.1u.tlog
c:\trinity\isscripteditor\x64\debug\isscripteditor.tlog\rcc.read.1u.tlog
c:\trinity\isscripteditor\x64\debug\isscripteditor.tlog\rcc.write.1u.tlog
c:\trinity\isscripteditor\x64\debug\isscripteditor.tlog\uic.read.1u.tlog
c:\trinity\isscripteditor\x64\debug\isscripteditor.tlog\uic.write.1u.tlog
